[2020-12-14 14:48:20.167] [INFO] targetPath: D:\project\mine\RSA-encrypt\examples\bmp.bmp 
[2020-12-14 14:48:20.198] [INFO] 加密成功: D:\project\mine\RSA-encrypt\examples\bmp.bmp bmp.crypted 
[2020-12-14 14:48:20.202] [INFO] targetPath: D:\project\mine\RSA-encrypt\examples\child\xlsx.xlsx 
[2020-12-14 14:48:20.251] [INFO] 加密成功: D:\project\mine\RSA-encrypt\examples\child\xlsx.xlsx xlsx.crypted 
[2020-12-14 14:48:20.256] [INFO] targetPath: D:\project\mine\RSA-encrypt\examples\child\zip.zip 
[2020-12-14 14:48:20.279] [INFO] 加密成功: D:\project\mine\RSA-encrypt\examples\child\zip.zip zip.crypted 
[2020-12-14 14:48:20.306] [INFO] targetPath: D:\project\mine\RSA-encrypt\examples\child\用于测试相同文件名的情况.docx 
[2020-12-14 14:48:20.315] [INFO] 加密成功: D:\project\mine\RSA-encrypt\examples\child\用于测试相同文件名的情况.docx 用于测试相同文件名的情况.crypted 
[2020-12-14 14:48:20.318] [INFO] targetPath: D:\project\mine\RSA-encrypt\examples\child\用于测试相同文件名的情况Same.xlsx 
[2020-12-14 14:48:20.327] [INFO] 加密成功: D:\project\mine\RSA-encrypt\examples\child\用于测试相同文件名的情况Same.xlsx 用于测试相同文件名的情况Same.crypted 
[2020-12-14 14:48:20.330] [INFO] targetPath: D:\project\mine\RSA-encrypt\examples\doc.doc 
[2020-12-14 14:48:20.336] [INFO] 加密成功: D:\project\mine\RSA-encrypt\examples\doc.doc doc.crypted 
[2020-12-14 14:48:20.339] [INFO] targetPath: D:\project\mine\RSA-encrypt\examples\docx.docx 
[2020-12-14 14:48:20.415] [INFO] 加密成功: D:\project\mine\RSA-encrypt\examples\docx.docx docx.crypted 
[2020-12-14 14:48:20.417] [INFO] targetPath: D:\project\mine\RSA-encrypt\examples\exe.exe 
[2020-12-14 14:48:20.426] [INFO] 加密成功: D:\project\mine\RSA-encrypt\examples\exe.exe exe.crypted 
[2020-12-14 14:48:20.429] [INFO] targetPath: D:\project\mine\RSA-encrypt\examples\gif.gif 
[2020-12-14 14:48:20.443] [INFO] 加密成功: D:\project\mine\RSA-encrypt\examples\gif.gif gif.crypted 
[2020-12-14 14:48:20.447] [INFO] targetPath: D:\project\mine\RSA-encrypt\examples\htm.htm 
[2020-12-14 14:48:20.452] [INFO] 加密成功: D:\project\mine\RSA-encrypt\examples\htm.htm htm.crypted 
[2020-12-14 14:48:20.472] [INFO] targetPath: D:\project\mine\RSA-encrypt\examples\html.html 
[2020-12-14 14:48:20.478] [INFO] 加密成功: D:\project\mine\RSA-encrypt\examples\html.html html.crypted 
[2020-12-14 14:48:20.480] [INFO] targetPath: D:\project\mine\RSA-encrypt\examples\jpg.jpg 
[2020-12-14 14:48:20.510] [INFO] 加密成功: D:\project\mine\RSA-encrypt\examples\jpg.jpg jpg.crypted 
[2020-12-14 14:48:20.512] [INFO] targetPath: D:\project\mine\RSA-encrypt\examples\link.lnk 
[2020-12-14 14:48:20.537] [INFO] 加密成功: D:\project\mine\RSA-encrypt\examples\link.lnk link.crypted 
[2020-12-14 14:48:20.575] [INFO] targetPath: D:\project\mine\RSA-encrypt\examples\mp3.mp3 
[2020-12-14 14:48:20.603] [INFO] 加密成功: D:\project\mine\RSA-encrypt\examples\mp3.mp3 mp3.crypted 
[2020-12-14 14:48:20.625] [INFO] targetPath: D:\project\mine\RSA-encrypt\examples\mp4.mp4 
[2020-12-14 14:48:20.658] [INFO] 加密成功: D:\project\mine\RSA-encrypt\examples\mp4.mp4 mp4.crypted 
[2020-12-14 14:48:20.660] [INFO] targetPath: D:\project\mine\RSA-encrypt\examples\pdf.pdf 
[2020-12-14 14:48:20.668] [INFO] 加密成功: D:\project\mine\RSA-encrypt\examples\pdf.pdf pdf.crypted 
[2020-12-14 14:48:20.670] [INFO] targetPath: D:\project\mine\RSA-encrypt\examples\png.png 
[2020-12-14 14:48:20.685] [INFO] 加密成功: D:\project\mine\RSA-encrypt\examples\png.png png.crypted 
[2020-12-14 14:48:20.701] [INFO] targetPath: D:\project\mine\RSA-encrypt\examples\ppt.ppt 
[2020-12-14 14:48:20.719] [INFO] 加密成功: D:\project\mine\RSA-encrypt\examples\ppt.ppt ppt.crypted 
[2020-12-14 14:48:20.721] [INFO] targetPath: D:\project\mine\RSA-encrypt\examples\pptx.pptx 
[2020-12-14 14:48:20.736] [INFO] 加密成功: D:\project\mine\RSA-encrypt\examples\pptx.pptx pptx.crypted 
[2020-12-14 14:48:20.751] [INFO] targetPath: D:\project\mine\RSA-encrypt\examples\rar.rar 
[2020-12-14 14:48:20.768] [INFO] 加密成功: D:\project\mine\RSA-encrypt\examples\rar.rar rar.crypted 
[2020-12-14 14:48:20.770] [INFO] targetPath: D:\project\mine\RSA-encrypt\examples\txt.txt 
[2020-12-14 14:48:20.785] [INFO] 加密成功: D:\project\mine\RSA-encrypt\examples\txt.txt txt.crypted 
[2020-12-14 14:48:20.800] [INFO] targetPath: D:\project\mine\RSA-encrypt\examples\wma.wma 
[2020-12-14 14:48:20.848] [INFO] 加密成功: D:\project\mine\RSA-encrypt\examples\wma.wma wma.crypted 
[2020-12-14 14:48:20.850] [INFO] targetPath: D:\project\mine\RSA-encrypt\examples\wmv.wmv 
[2020-12-14 14:48:20.953] [INFO] 加密成功: D:\project\mine\RSA-encrypt\examples\wmv.wmv wmv.crypted 
[2020-12-14 14:48:20.968] [INFO] targetPath: D:\project\mine\RSA-encrypt\examples\xls.xls 
[2020-12-14 14:48:20.985] [INFO] 加密成功: D:\project\mine\RSA-encrypt\examples\xls.xls xls.crypted 
[2020-12-14 14:48:20.987] [INFO] targetPath: D:\project\mine\RSA-encrypt\examples\xlsx.xlsx 
[2020-12-14 14:48:21.002] [INFO] 加密成功: D:\project\mine\RSA-encrypt\examples\xlsx.xlsx xlsx.crypted 
[2020-12-14 14:48:21.004] [INFO] targetPath: D:\project\mine\RSA-encrypt\examples\zip.zip 
[2020-12-14 14:48:21.024] [INFO] 加密成功: D:\project\mine\RSA-encrypt\examples\zip.zip zip.crypted 
[2020-12-14 14:48:21.026] [INFO] targetPath: D:\project\mine\RSA-encrypt\examples\用于测试相同文件名的情况.docx 
[2020-12-14 14:48:21.030] [INFO] 加密成功: D:\project\mine\RSA-encrypt\examples\用于测试相同文件名的情况.docx 用于测试相同文件名的情况.crypted 
[2020-12-14 14:48:21.032] [INFO] targetPath: D:\project\mine\RSA-encrypt\examples\用于测试相同文件名的情况.ppt 
[2020-12-14 14:48:21.034] [INFO] 同一文件目录下出现相同的文件名: D:\project\mine\RSA-encrypt\examples\用于测试相同文件名的情况.ppt 
[2020-12-14 14:48:21.058] [INFO] 加密成功: D:\project\mine\RSA-encrypt\examples\用于测试相同文件名的情况SameSame.ppt 用于测试相同文件名的情况SameSame.crypted 
[2020-12-14 14:48:21.060] [INFO] targetPath: D:\project\mine\RSA-encrypt\examples\用于测试相同文件名的情况.txt 
[2020-12-14 14:48:21.062] [INFO] 同一文件目录下出现相同的文件名: D:\project\mine\RSA-encrypt\examples\用于测试相同文件名的情况.txt 
[2020-12-14 14:48:21.067] [INFO] 加密成功: D:\project\mine\RSA-encrypt\examples\用于测试相同文件名的情况SameSameSame.txt 用于测试相同文件名的情况SameSameSame.crypted 
[2020-12-14 14:48:21.070] [INFO] targetPath: D:\project\mine\RSA-encrypt\examples\用于测试相同文件名的情况.xlsx 
[2020-12-14 14:48:21.090] [INFO] 同一文件目录下出现相同的文件名: D:\project\mine\RSA-encrypt\examples\用于测试相同文件名的情况.xlsx 
[2020-12-14 14:48:21.095] [INFO] 加密成功: D:\project\mine\RSA-encrypt\examples\用于测试相同文件名的情况SameSameSameSame.xlsx 用于测试相同文件名的情况SameSameSameSame.crypted 
[2020-12-14 14:48:21.097] [INFO] all tasks finished 
[2020-12-14 14:48:26.994] [INFO] 解密成功 D:\project\mine\RSA-encrypt\examples\bmp.crypted bmp.bmp 
[2020-12-14 14:48:27.074] [INFO] 解密成功 D:\project\mine\RSA-encrypt\examples\child\xlsx.crypted xlsx.xlsx 
[2020-12-14 14:48:27.173] [INFO] 解密成功 D:\project\mine\RSA-encrypt\examples\child\zip.crypted zip.zip 
[2020-12-14 14:48:27.254] [INFO] 解密成功 D:\project\mine\RSA-encrypt\examples\child\用于测试相同文件名的情况.crypted 用于测试相同文件名的情况.docx 
[2020-12-14 14:48:27.319] [INFO] 解密成功 D:\project\mine\RSA-encrypt\examples\child\用于测试相同文件名的情况Same.crypted 用于测试相同文件名的情况Same.xlsx 
[2020-12-14 14:48:27.382] [INFO] 解密成功 D:\project\mine\RSA-encrypt\examples\doc.crypted doc.doc 
[2020-12-14 14:48:27.437] [INFO] 解密成功 D:\project\mine\RSA-encrypt\examples\docx.crypted docx.docx 
[2020-12-14 14:48:27.500] [INFO] 解密成功 D:\project\mine\RSA-encrypt\examples\exe.crypted exe.exe 
[2020-12-14 14:48:27.566] [INFO] 解密成功 D:\project\mine\RSA-encrypt\examples\gif.crypted gif.gif 
[2020-12-14 14:48:27.619] [INFO] 解密成功 D:\project\mine\RSA-encrypt\examples\htm.crypted htm.htm 
[2020-12-14 14:48:27.669] [INFO] 解密成功 D:\project\mine\RSA-encrypt\examples\html.crypted html.html 
[2020-12-14 14:48:27.727] [INFO] 解密成功 D:\project\mine\RSA-encrypt\examples\jpg.crypted jpg.jpg 
[2020-12-14 14:48:27.780] [INFO] 解密成功 D:\project\mine\RSA-encrypt\examples\link.crypted link.lnk 
[2020-12-14 14:48:27.856] [INFO] 解密成功 D:\project\mine\RSA-encrypt\examples\mp3.crypted mp3.mp3 
[2020-12-14 14:48:27.936] [INFO] 解密成功 D:\project\mine\RSA-encrypt\examples\mp4.crypted mp4.mp4 
[2020-12-14 14:48:27.992] [INFO] 解密成功 D:\project\mine\RSA-encrypt\examples\pdf.crypted pdf.pdf 
[2020-12-14 14:48:28.048] [INFO] 解密成功 D:\project\mine\RSA-encrypt\examples\png.crypted png.png 
[2020-12-14 14:48:28.147] [INFO] 解密成功 D:\project\mine\RSA-encrypt\examples\ppt.crypted ppt.ppt 
[2020-12-14 14:48:28.228] [INFO] 解密成功 D:\project\mine\RSA-encrypt\examples\pptx.crypted pptx.pptx 
[2020-12-14 14:48:28.283] [INFO] 解密成功 D:\project\mine\RSA-encrypt\examples\rar.crypted rar.rar 
[2020-12-14 14:48:28.336] [INFO] 解密成功 D:\project\mine\RSA-encrypt\examples\txt.crypted txt.txt 
[2020-12-14 14:48:28.421] [INFO] 解密成功 D:\project\mine\RSA-encrypt\examples\wma.crypted wma.wma 
[2020-12-14 14:48:28.568] [INFO] 解密成功 D:\project\mine\RSA-encrypt\examples\wmv.crypted wmv.wmv 
[2020-12-14 14:48:28.622] [INFO] 解密成功 D:\project\mine\RSA-encrypt\examples\xls.crypted xls.xls 
[2020-12-14 14:48:28.675] [INFO] 解密成功 D:\project\mine\RSA-encrypt\examples\xlsx.crypted xlsx.xlsx 
[2020-12-14 14:48:28.741] [INFO] 解密成功 D:\project\mine\RSA-encrypt\examples\zip.crypted zip.zip 
[2020-12-14 14:48:28.810] [INFO] 解密成功 D:\project\mine\RSA-encrypt\examples\用于测试相同文件名的情况.crypted 用于测试相同文件名的情况.docx 
[2020-12-14 14:48:28.864] [INFO] 解密成功 D:\project\mine\RSA-encrypt\examples\用于测试相同文件名的情况SameSame.crypted 用于测试相同文件名的情况SameSame.ppt 
[2020-12-14 14:48:28.915] [INFO] 解密成功 D:\project\mine\RSA-encrypt\examples\用于测试相同文件名的情况SameSameSame.crypted 用于测试相同文件名的情况SameSameSame.txt 
[2020-12-14 14:48:28.965] [INFO] 解密成功 D:\project\mine\RSA-encrypt\examples\用于测试相同文件名的情况SameSameSameSame.crypted 用于测试相同文件名的情况SameSameSameSame.xlsx 
